<?xml version="1.0" encoding="UTF-8"?>
<testsuite xmlns:xsi="http://www.w3.org/2001/XMLSchema-instance" xsi:noNamespaceSchemaLocation="https://maven.apache.org/surefire/maven-surefire-plugin/xsd/surefire-test-report.xsd" name="org.springframework.samples.petclinic.config.PetclinicConfigServerApplicationTests" time="7.38" tests="1" errors="0" skipped="0" failures="0">
  <properties>
    <property name="awt.toolkit" value="sun.awt.X11.XToolkit"/>
    <property name="git.tags" value=""/>
    <property name="java.specification.version" value="1.8"/>
    <property name="file.encoding.pkg" value="sun.io"/>
    <property name="sun.cpu.isalist" value=""/>
    <property name="git.build.version" value="2.3.1"/>
    <property name="sun.jnu.encoding" value="UTF-8"/>
    <property name="java.class.path" value="/var/lib/jenkins/workspace/pet-clinic-config-service/spring-petclinic-config-server/target/test-classes:/var/lib/jenkins/workspace/pet-clinic-config-service/spring-petclinic-config-server/target/classes:/var/lib/jenkins/.m2/repository/org/springframework/boot/spring-boot-starter-test/2.3.1.RELEASE/spring-boot-starter-test-2.3.1.RELEASE.jar:/var/lib/jenkins/.m2/repository/org/springframework/boot/spring-boot-starter/2.3.1.RELEASE/spring-boot-starter-2.3.1.RELEASE.jar:/var/lib/jenkins/.m2/repository/org/springframework/boot/spring-boot/2.3.1.RELEASE/spring-boot-2.3.1.RELEASE.jar:/var/lib/jenkins/.m2/repository/org/springframework/spring-context/5.2.7.RELEASE/spring-context-5.2.7.RELEASE.jar:/var/lib/jenkins/.m2/repository/org/springframework/boot/spring-boot-autoconfigure/2.3.1.RELEASE/spring-boot-autoconfigure-2.3.1.RELEASE.jar:/var/lib/jenkins/.m2/repository/org/springframework/boot/spring-boot-starter-logging/2.3.1.RELEASE/spring-boot-starter-logging-2.3.1.RELEASE.jar:/var/lib/jenkins/.m2/repository/ch/qos/logback/logback-classic/1.2.3/logback-classic-1.2.3.jar:/var/lib/jenkins/.m2/repository/ch/qos/logback/logback-core/1.2.3/logback-core-1.2.3.jar:/var/lib/jenkins/.m2/repository/org/apache/logging/log4j/log4j-to-slf4j/2.13.3/log4j-to-slf4j-2.13.3.jar:/var/lib/jenkins/.m2/repository/org/apache/logging/log4j/log4j-api/2.13.3/log4j-api-2.13.3.jar:/var/lib/jenkins/.m2/repository/org/slf4j/jul-to-slf4j/1.7.30/jul-to-slf4j-1.7.30.jar:/var/lib/jenkins/.m2/repository/jakarta/annotation/jakarta.annotation-api/1.3.5/jakarta.annotation-api-1.3.5.jar:/var/lib/jenkins/.m2/repository/org/springframework/boot/spring-boot-test/2.3.1.RELEASE/spring-boot-test-2.3.1.RELEASE.jar:/var/lib/jenkins/.m2/repository/org/springframework/boot/spring-boot-test-autoconfigure/2.3.1.RELEASE/spring-boot-test-autoconfigure-2.3.1.RELEASE.jar:/var/lib/jenkins/.m2/repository/com/jayway/jsonpath/json-path/2.4.0/json-path-2.4.0.jar:/var/lib/jenkins/.m2/repository/net/minidev/json-smart/2.3/json-smart-2.3.jar:/var/lib/jenkins/.m2/repository/net/minidev/accessors-smart/1.2/accessors-smart-1.2.jar:/var/lib/jenkins/.m2/repository/org/ow2/asm/asm/5.0.4/asm-5.0.4.jar:/var/lib/jenkins/.m2/repository/org/slf4j/slf4j-api/1.7.30/slf4j-api-1.7.30.jar:/var/lib/jenkins/.m2/repository/jakarta/xml/bind/jakarta.xml.bind-api/2.3.3/jakarta.xml.bind-api-2.3.3.jar:/var/lib/jenkins/.m2/repository/jakarta/activation/jakarta.activation-api/1.2.2/jakarta.activation-api-1.2.2.jar:/var/lib/jenkins/.m2/repository/org/assertj/assertj-core/3.11.1/assertj-core-3.11.1.jar:/var/lib/jenkins/.m2/repository/org/hamcrest/hamcrest/2.2/hamcrest-2.2.jar:/var/lib/jenkins/.m2/repository/org/junit/jupiter/junit-jupiter/5.6.2/junit-jupiter-5.6.2.jar:/var/lib/jenkins/.m2/repository/org/junit/jupiter/junit-jupiter-params/5.6.2/junit-jupiter-params-5.6.2.jar:/var/lib/jenkins/.m2/repository/org/junit/vintage/junit-vintage-engine/5.6.2/junit-vintage-engine-5.6.2.jar:/var/lib/jenkins/.m2/repository/org/mockito/mockito-core/3.3.3/mockito-core-3.3.3.jar:/var/lib/jenkins/.m2/repository/net/bytebuddy/byte-buddy/1.10.11/byte-buddy-1.10.11.jar:/var/lib/jenkins/.m2/repository/net/bytebuddy/byte-buddy-agent/1.10.11/byte-buddy-agent-1.10.11.jar:/var/lib/jenkins/.m2/repository/org/objenesis/objenesis/2.6/objenesis-2.6.jar:/var/lib/jenkins/.m2/repository/org/mockito/mockito-junit-jupiter/3.3.3/mockito-junit-jupiter-3.3.3.jar:/var/lib/jenkins/.m2/repository/org/skyscreamer/jsonassert/1.5.0/jsonassert-1.5.0.jar:/var/lib/jenkins/.m2/repository/com/vaadin/external/google/android-json/0.0.20131108.vaadin1/android-json-0.0.20131108.vaadin1.jar:/var/lib/jenkins/.m2/repository/org/springframework/spring-core/5.2.7.RELEASE/spring-core-5.2.7.RELEASE.jar:/var/lib/jenkins/.m2/repository/org/springframework/spring-jcl/5.2.7.RELEASE/spring-jcl-5.2.7.RELEASE.jar:/var/lib/jenkins/.m2/repository/org/springframework/spring-test/5.2.7.RELEASE/spring-test-5.2.7.RELEASE.jar:/var/lib/jenkins/.m2/repository/org/xmlunit/xmlunit-core/2.7.0/xmlunit-core-2.7.0.jar:/var/lib/jenkins/.m2/repository/org/springframework/cloud/spring-cloud-config-server/2.2.3.RELEASE/spring-cloud-config-server-2.2.3.RELEASE.jar:/var/lib/jenkins/.m2/repository/org/springframework/cloud/spring-cloud-config-client/2.2.3.RELEASE/spring-cloud-config-client-2.2.3.RELEASE.jar:/var/lib/jenkins/.m2/repository/org/springframework/cloud/spring-cloud-commons/2.2.3.RELEASE/spring-cloud-commons-2.2.3.RELEASE.jar:/var/lib/jenkins/.m2/repository/org/springframework/cloud/spring-cloud-context/2.2.3.RELEASE/spring-cloud-context-2.2.3.RELEASE.jar:/var/lib/jenkins/.m2/repository/org/springframework/spring-web/5.2.7.RELEASE/spring-web-5.2.7.RELEASE.jar:/var/lib/jenkins/.m2/repository/org/springframework/spring-beans/5.2.7.RELEASE/spring-beans-5.2.7.RELEASE.jar:/var/lib/jenkins/.m2/repository/com/fasterxml/jackson/core/jackson-annotations/2.11.0/jackson-annotations-2.11.0.jar:/var/lib/jenkins/.m2/repository/com/fasterxml/jackson/core/jackson-databind/2.11.0/jackson-databind-2.11.0.jar:/var/lib/jenkins/.m2/repository/org/springframework/boot/spring-boot-starter-actuator/2.3.1.RELEASE/spring-boot-starter-actuator-2.3.1.RELEASE.jar:/var/lib/jenkins/.m2/repository/org/springframework/boot/spring-boot-actuator-autoconfigure/2.3.1.RELEASE/spring-boot-actuator-autoconfigure-2.3.1.RELEASE.jar:/var/lib/jenkins/.m2/repository/org/springframework/boot/spring-boot-actuator/2.3.1.RELEASE/spring-boot-actuator-2.3.1.RELEASE.jar:/var/lib/jenkins/.m2/repository/com/fasterxml/jackson/datatype/jackson-datatype-jsr310/2.11.0/jackson-datatype-jsr310-2.11.0.jar:/var/lib/jenkins/.m2/repository/io/micrometer/micrometer-core/1.5.1/micrometer-core-1.5.1.jar:/var/lib/jenkins/.m2/repository/org/hdrhistogram/HdrHistogram/2.1.12/HdrHistogram-2.1.12.jar:/var/lib/jenkins/.m2/repository/org/latencyutils/LatencyUtils/2.0.3/LatencyUtils-2.0.3.jar:/var/lib/jenkins/.m2/repository/org/springframework/boot/spring-boot-starter-web/2.3.1.RELEASE/spring-boot-starter-web-2.3.1.RELEASE.jar:/var/lib/jenkins/.m2/repository/org/springframework/boot/spring-boot-starter-json/2.3.1.RELEASE/spring-boot-starter-json-2.3.1.RELEASE.jar:/var/lib/jenkins/.m2/repository/com/fasterxml/jackson/datatype/jackson-datatype-jdk8/2.11.0/jackson-datatype-jdk8-2.11.0.jar:/var/lib/jenkins/.m2/repository/com/fasterxml/jackson/module/jackson-module-parameter-names/2.11.0/jackson-module-parameter-names-2.11.0.jar:/var/lib/jenkins/.m2/repository/org/springframework/boot/spring-boot-starter-tomcat/2.3.1.RELEASE/spring-boot-starter-tomcat-2.3.1.RELEASE.jar:/var/lib/jenkins/.m2/repository/org/apache/tomcat/embed/tomcat-embed-core/9.0.36/tomcat-embed-core-9.0.36.jar:/var/lib/jenkins/.m2/repository/org/apache/tomcat/embed/tomcat-embed-websocket/9.0.36/tomcat-embed-websocket-9.0.36.jar:/var/lib/jenkins/.m2/repository/org/springframework/spring-webmvc/5.2.7.RELEASE/spring-webmvc-5.2.7.RELEASE.jar:/var/lib/jenkins/.m2/repository/org/springframework/spring-aop/5.2.7.RELEASE/spring-aop-5.2.7.RELEASE.jar:/var/lib/jenkins/.m2/repository/org/springframework/spring-expression/5.2.7.RELEASE/spring-expression-5.2.7.RELEASE.jar:/var/lib/jenkins/.m2/repository/org/springframework/boot/spring-boot-starter-validation/2.3.1.RELEASE/spring-boot-starter-validation-2.3.1.RELEASE.jar:/var/lib/jenkins/.m2/repository/org/glassfish/jakarta.el/3.0.3/jakarta.el-3.0.3.jar:/var/lib/jenkins/.m2/repository/org/hibernate/validator/hibernate-validator/6.1.5.Final/hibernate-validator-6.1.5.Final.jar:/var/lib/jenkins/.m2/repository/jakarta/validation/jakarta.validation-api/2.0.2/jakarta.validation-api-2.0.2.jar:/var/lib/jenkins/.m2/repository/org/jboss/logging/jboss-logging/3.4.1.Final/jboss-logging-3.4.1.Final.jar:/var/lib/jenkins/.m2/repository/com/fasterxml/classmate/1.5.1/classmate-1.5.1.jar:/var/lib/jenkins/.m2/repository/org/springframework/security/spring-security-crypto/5.3.3.RELEASE/spring-security-crypto-5.3.3.RELEASE.jar:/var/lib/jenkins/.m2/repository/org/springframework/security/spring-security-rsa/1.0.9.RELEASE/spring-security-rsa-1.0.9.RELEASE.jar:/var/lib/jenkins/.m2/repository/org/bouncycastle/bcpkix-jdk15on/1.64/bcpkix-jdk15on-1.64.jar:/var/lib/jenkins/.m2/repository/org/bouncycastle/bcprov-jdk15on/1.64/bcprov-jdk15on-1.64.jar:/var/lib/jenkins/.m2/repository/org/eclipse/jgit/org.eclipse.jgit/5.1.3.201810200350-r/org.eclipse.jgit-5.1.3.201810200350-r.jar:/var/lib/jenkins/.m2/repository/com/jcraft/jsch/0.1.54/jsch-0.1.54.jar:/var/lib/jenkins/.m2/repository/com/jcraft/jzlib/1.1.1/jzlib-1.1.1.jar:/var/lib/jenkins/.m2/repository/com/googlecode/javaewah/JavaEWAH/1.1.6/JavaEWAH-1.1.6.jar:/var/lib/jenkins/.m2/repository/org/eclipse/jgit/org.eclipse.jgit.http.apache/5.1.3.201810200350-r/org.eclipse.jgit.http.apache-5.1.3.201810200350-r.jar:/var/lib/jenkins/.m2/repository/org/apache/httpcomponents/httpclient/4.5.12/httpclient-4.5.12.jar:/var/lib/jenkins/.m2/repository/commons-codec/commons-codec/1.14/commons-codec-1.14.jar:/var/lib/jenkins/.m2/repository/org/apache/httpcomponents/httpcore/4.4.13/httpcore-4.4.13.jar:/var/lib/jenkins/.m2/repository/org/yaml/snakeyaml/1.26/snakeyaml-1.26.jar:/var/lib/jenkins/.m2/repository/com/fasterxml/jackson/dataformat/jackson-dataformat-yaml/2.11.0/jackson-dataformat-yaml-2.11.0.jar:/var/lib/jenkins/.m2/repository/com/fasterxml/jackson/core/jackson-core/2.11.0/jackson-core-2.11.0.jar:/var/lib/jenkins/.m2/repository/org/jolokia/jolokia-core/1.6.2/jolokia-core-1.6.2.jar:/var/lib/jenkins/.m2/repository/com/googlecode/json-simple/json-simple/1.1.1/json-simple-1.1.1.jar:/var/lib/jenkins/.m2/repository/org/junit/jupiter/junit-jupiter-api/5.6.2/junit-jupiter-api-5.6.2.jar:/var/lib/jenkins/.m2/repository/org/apiguardian/apiguardian-api/1.1.0/apiguardian-api-1.1.0.jar:/var/lib/jenkins/.m2/repository/org/opentest4j/opentest4j/1.2.0/opentest4j-1.2.0.jar:/var/lib/jenkins/.m2/repository/org/junit/platform/junit-platform-commons/1.6.2/junit-platform-commons-1.6.2.jar:/var/lib/jenkins/.m2/repository/org/junit/jupiter/junit-jupiter-engine/5.6.2/junit-jupiter-engine-5.6.2.jar:/var/lib/jenkins/.m2/repository/org/junit/platform/junit-platform-engine/1.6.2/junit-platform-engine-1.6.2.jar:"/>
    <property name="git.branch" value="origin/master"/>
    <property name="git.build.host" value="LAPTOP-KTEPSTPC"/>
    <property name="java.vm.vendor" value="Private Build"/>
    <property name="git.build.number" value="46"/>
    <property name="sun.arch.data.model" value="64"/>
    <property name="git.commit.id" value="1beebb14b2b614ea4d5482f25e936eb2b06886bb"/>
    <property name="java.vendor.url" value="http://java.oracle.com/"/>
    <property name="user.timezone" value="Asia/Calcutta"/>
    <property name="os.name" value="Linux"/>
    <property name="java.vm.specification.version" value="1.8"/>
    <property name="sun.java.launcher" value="SUN_STANDARD"/>
    <property name="git.build.user.name" value=""/>
    <property name="sun.boot.library.path" value="/usr/lib/jvm/java-8-openjdk-amd64/jre/lib/amd64"/>
    <property name="sun.java.command" value="/var/lib/jenkins/workspace/pet-clinic-config-service/spring-petclinic-config-server/target/surefire/surefirebooter1432992921666377936.jar /var/lib/jenkins/workspace/pet-clinic-config-service/spring-petclinic-config-server/target/surefire 2020-07-22T17-16-58_121-jvmRun1 surefire7885007410626261106tmp surefire_08494689601074235085tmp"/>
    <property name="surefire.test.class.path" value="/var/lib/jenkins/workspace/pet-clinic-config-service/spring-petclinic-config-server/target/test-classes:/var/lib/jenkins/workspace/pet-clinic-config-service/spring-petclinic-config-server/target/classes:/var/lib/jenkins/.m2/repository/org/springframework/boot/spring-boot-starter-test/2.3.1.RELEASE/spring-boot-starter-test-2.3.1.RELEASE.jar:/var/lib/jenkins/.m2/repository/org/springframework/boot/spring-boot-starter/2.3.1.RELEASE/spring-boot-starter-2.3.1.RELEASE.jar:/var/lib/jenkins/.m2/repository/org/springframework/boot/spring-boot/2.3.1.RELEASE/spring-boot-2.3.1.RELEASE.jar:/var/lib/jenkins/.m2/repository/org/springframework/spring-context/5.2.7.RELEASE/spring-context-5.2.7.RELEASE.jar:/var/lib/jenkins/.m2/repository/org/springframework/boot/spring-boot-autoconfigure/2.3.1.RELEASE/spring-boot-autoconfigure-2.3.1.RELEASE.jar:/var/lib/jenkins/.m2/repository/org/springframework/boot/spring-boot-starter-logging/2.3.1.RELEASE/spring-boot-starter-logging-2.3.1.RELEASE.jar:/var/lib/jenkins/.m2/repository/ch/qos/logback/logback-classic/1.2.3/logback-classic-1.2.3.jar:/var/lib/jenkins/.m2/repository/ch/qos/logback/logback-core/1.2.3/logback-core-1.2.3.jar:/var/lib/jenkins/.m2/repository/org/apache/logging/log4j/log4j-to-slf4j/2.13.3/log4j-to-slf4j-2.13.3.jar:/var/lib/jenkins/.m2/repository/org/apache/logging/log4j/log4j-api/2.13.3/log4j-api-2.13.3.jar:/var/lib/jenkins/.m2/repository/org/slf4j/jul-to-slf4j/1.7.30/jul-to-slf4j-1.7.30.jar:/var/lib/jenkins/.m2/repository/jakarta/annotation/jakarta.annotation-api/1.3.5/jakarta.annotation-api-1.3.5.jar:/var/lib/jenkins/.m2/repository/org/springframework/boot/spring-boot-test/2.3.1.RELEASE/spring-boot-test-2.3.1.RELEASE.jar:/var/lib/jenkins/.m2/repository/org/springframework/boot/spring-boot-test-autoconfigure/2.3.1.RELEASE/spring-boot-test-autoconfigure-2.3.1.RELEASE.jar:/var/lib/jenkins/.m2/repository/com/jayway/jsonpath/json-path/2.4.0/json-path-2.4.0.jar:/var/lib/jenkins/.m2/repository/net/minidev/json-smart/2.3/json-smart-2.3.jar:/var/lib/jenkins/.m2/repository/net/minidev/accessors-smart/1.2/accessors-smart-1.2.jar:/var/lib/jenkins/.m2/repository/org/ow2/asm/asm/5.0.4/asm-5.0.4.jar:/var/lib/jenkins/.m2/repository/org/slf4j/slf4j-api/1.7.30/slf4j-api-1.7.30.jar:/var/lib/jenkins/.m2/repository/jakarta/xml/bind/jakarta.xml.bind-api/2.3.3/jakarta.xml.bind-api-2.3.3.jar:/var/lib/jenkins/.m2/repository/jakarta/activation/jakarta.activation-api/1.2.2/jakarta.activation-api-1.2.2.jar:/var/lib/jenkins/.m2/repository/org/assertj/assertj-core/3.11.1/assertj-core-3.11.1.jar:/var/lib/jenkins/.m2/repository/org/hamcrest/hamcrest/2.2/hamcrest-2.2.jar:/var/lib/jenkins/.m2/repository/org/junit/jupiter/junit-jupiter/5.6.2/junit-jupiter-5.6.2.jar:/var/lib/jenkins/.m2/repository/org/junit/jupiter/junit-jupiter-params/5.6.2/junit-jupiter-params-5.6.2.jar:/var/lib/jenkins/.m2/repository/org/junit/vintage/junit-vintage-engine/5.6.2/junit-vintage-engine-5.6.2.jar:/var/lib/jenkins/.m2/repository/org/mockito/mockito-core/3.3.3/mockito-core-3.3.3.jar:/var/lib/jenkins/.m2/repository/net/bytebuddy/byte-buddy/1.10.11/byte-buddy-1.10.11.jar:/var/lib/jenkins/.m2/repository/net/bytebuddy/byte-buddy-agent/1.10.11/byte-buddy-agent-1.10.11.jar:/var/lib/jenkins/.m2/repository/org/objenesis/objenesis/2.6/objenesis-2.6.jar:/var/lib/jenkins/.m2/repository/org/mockito/mockito-junit-jupiter/3.3.3/mockito-junit-jupiter-3.3.3.jar:/var/lib/jenkins/.m2/repository/org/skyscreamer/jsonassert/1.5.0/jsonassert-1.5.0.jar:/var/lib/jenkins/.m2/repository/com/vaadin/external/google/android-json/0.0.20131108.vaadin1/android-json-0.0.20131108.vaadin1.jar:/var/lib/jenkins/.m2/repository/org/springframework/spring-core/5.2.7.RELEASE/spring-core-5.2.7.RELEASE.jar:/var/lib/jenkins/.m2/repository/org/springframework/spring-jcl/5.2.7.RELEASE/spring-jcl-5.2.7.RELEASE.jar:/var/lib/jenkins/.m2/repository/org/springframework/spring-test/5.2.7.RELEASE/spring-test-5.2.7.RELEASE.jar:/var/lib/jenkins/.m2/repository/org/xmlunit/xmlunit-core/2.7.0/xmlunit-core-2.7.0.jar:/var/lib/jenkins/.m2/repository/org/springframework/cloud/spring-cloud-config-server/2.2.3.RELEASE/spring-cloud-config-server-2.2.3.RELEASE.jar:/var/lib/jenkins/.m2/repository/org/springframework/cloud/spring-cloud-config-client/2.2.3.RELEASE/spring-cloud-config-client-2.2.3.RELEASE.jar:/var/lib/jenkins/.m2/repository/org/springframework/cloud/spring-cloud-commons/2.2.3.RELEASE/spring-cloud-commons-2.2.3.RELEASE.jar:/var/lib/jenkins/.m2/repository/org/springframework/cloud/spring-cloud-context/2.2.3.RELEASE/spring-cloud-context-2.2.3.RELEASE.jar:/var/lib/jenkins/.m2/repository/org/springframework/spring-web/5.2.7.RELEASE/spring-web-5.2.7.RELEASE.jar:/var/lib/jenkins/.m2/repository/org/springframework/spring-beans/5.2.7.RELEASE/spring-beans-5.2.7.RELEASE.jar:/var/lib/jenkins/.m2/repository/com/fasterxml/jackson/core/jackson-annotations/2.11.0/jackson-annotations-2.11.0.jar:/var/lib/jenkins/.m2/repository/com/fasterxml/jackson/core/jackson-databind/2.11.0/jackson-databind-2.11.0.jar:/var/lib/jenkins/.m2/repository/org/springframework/boot/spring-boot-starter-actuator/2.3.1.RELEASE/spring-boot-starter-actuator-2.3.1.RELEASE.jar:/var/lib/jenkins/.m2/repository/org/springframework/boot/spring-boot-actuator-autoconfigure/2.3.1.RELEASE/spring-boot-actuator-autoconfigure-2.3.1.RELEASE.jar:/var/lib/jenkins/.m2/repository/org/springframework/boot/spring-boot-actuator/2.3.1.RELEASE/spring-boot-actuator-2.3.1.RELEASE.jar:/var/lib/jenkins/.m2/repository/com/fasterxml/jackson/datatype/jackson-datatype-jsr310/2.11.0/jackson-datatype-jsr310-2.11.0.jar:/var/lib/jenkins/.m2/repository/io/micrometer/micrometer-core/1.5.1/micrometer-core-1.5.1.jar:/var/lib/jenkins/.m2/repository/org/hdrhistogram/HdrHistogram/2.1.12/HdrHistogram-2.1.12.jar:/var/lib/jenkins/.m2/repository/org/latencyutils/LatencyUtils/2.0.3/LatencyUtils-2.0.3.jar:/var/lib/jenkins/.m2/repository/org/springframework/boot/spring-boot-starter-web/2.3.1.RELEASE/spring-boot-starter-web-2.3.1.RELEASE.jar:/var/lib/jenkins/.m2/repository/org/springframework/boot/spring-boot-starter-json/2.3.1.RELEASE/spring-boot-starter-json-2.3.1.RELEASE.jar:/var/lib/jenkins/.m2/repository/com/fasterxml/jackson/datatype/jackson-datatype-jdk8/2.11.0/jackson-datatype-jdk8-2.11.0.jar:/var/lib/jenkins/.m2/repository/com/fasterxml/jackson/module/jackson-module-parameter-names/2.11.0/jackson-module-parameter-names-2.11.0.jar:/var/lib/jenkins/.m2/repository/org/springframework/boot/spring-boot-starter-tomcat/2.3.1.RELEASE/spring-boot-starter-tomcat-2.3.1.RELEASE.jar:/var/lib/jenkins/.m2/repository/org/apache/tomcat/embed/tomcat-embed-core/9.0.36/tomcat-embed-core-9.0.36.jar:/var/lib/jenkins/.m2/repository/org/apache/tomcat/embed/tomcat-embed-websocket/9.0.36/tomcat-embed-websocket-9.0.36.jar:/var/lib/jenkins/.m2/repository/org/springframework/spring-webmvc/5.2.7.RELEASE/spring-webmvc-5.2.7.RELEASE.jar:/var/lib/jenkins/.m2/repository/org/springframework/spring-aop/5.2.7.RELEASE/spring-aop-5.2.7.RELEASE.jar:/var/lib/jenkins/.m2/repository/org/springframework/spring-expression/5.2.7.RELEASE/spring-expression-5.2.7.RELEASE.jar:/var/lib/jenkins/.m2/repository/org/springframework/boot/spring-boot-starter-validation/2.3.1.RELEASE/spring-boot-starter-validation-2.3.1.RELEASE.jar:/var/lib/jenkins/.m2/repository/org/glassfish/jakarta.el/3.0.3/jakarta.el-3.0.3.jar:/var/lib/jenkins/.m2/repository/org/hibernate/validator/hibernate-validator/6.1.5.Final/hibernate-validator-6.1.5.Final.jar:/var/lib/jenkins/.m2/repository/jakarta/validation/jakarta.validation-api/2.0.2/jakarta.validation-api-2.0.2.jar:/var/lib/jenkins/.m2/repository/org/jboss/logging/jboss-logging/3.4.1.Final/jboss-logging-3.4.1.Final.jar:/var/lib/jenkins/.m2/repository/com/fasterxml/classmate/1.5.1/classmate-1.5.1.jar:/var/lib/jenkins/.m2/repository/org/springframework/security/spring-security-crypto/5.3.3.RELEASE/spring-security-crypto-5.3.3.RELEASE.jar:/var/lib/jenkins/.m2/repository/org/springframework/security/spring-security-rsa/1.0.9.RELEASE/spring-security-rsa-1.0.9.RELEASE.jar:/var/lib/jenkins/.m2/repository/org/bouncycastle/bcpkix-jdk15on/1.64/bcpkix-jdk15on-1.64.jar:/var/lib/jenkins/.m2/repository/org/bouncycastle/bcprov-jdk15on/1.64/bcprov-jdk15on-1.64.jar:/var/lib/jenkins/.m2/repository/org/eclipse/jgit/org.eclipse.jgit/5.1.3.201810200350-r/org.eclipse.jgit-5.1.3.201810200350-r.jar:/var/lib/jenkins/.m2/repository/com/jcraft/jsch/0.1.54/jsch-0.1.54.jar:/var/lib/jenkins/.m2/repository/com/jcraft/jzlib/1.1.1/jzlib-1.1.1.jar:/var/lib/jenkins/.m2/repository/com/googlecode/javaewah/JavaEWAH/1.1.6/JavaEWAH-1.1.6.jar:/var/lib/jenkins/.m2/repository/org/eclipse/jgit/org.eclipse.jgit.http.apache/5.1.3.201810200350-r/org.eclipse.jgit.http.apache-5.1.3.201810200350-r.jar:/var/lib/jenkins/.m2/repository/org/apache/httpcomponents/httpclient/4.5.12/httpclient-4.5.12.jar:/var/lib/jenkins/.m2/repository/commons-codec/commons-codec/1.14/commons-codec-1.14.jar:/var/lib/jenkins/.m2/repository/org/apache/httpcomponents/httpcore/4.4.13/httpcore-4.4.13.jar:/var/lib/jenkins/.m2/repository/org/yaml/snakeyaml/1.26/snakeyaml-1.26.jar:/var/lib/jenkins/.m2/repository/com/fasterxml/jackson/dataformat/jackson-dataformat-yaml/2.11.0/jackson-dataformat-yaml-2.11.0.jar:/var/lib/jenkins/.m2/repository/com/fasterxml/jackson/core/jackson-core/2.11.0/jackson-core-2.11.0.jar:/var/lib/jenkins/.m2/repository/org/jolokia/jolokia-core/1.6.2/jolokia-core-1.6.2.jar:/var/lib/jenkins/.m2/repository/com/googlecode/json-simple/json-simple/1.1.1/json-simple-1.1.1.jar:/var/lib/jenkins/.m2/repository/org/junit/jupiter/junit-jupiter-api/5.6.2/junit-jupiter-api-5.6.2.jar:/var/lib/jenkins/.m2/repository/org/apiguardian/apiguardian-api/1.1.0/apiguardian-api-1.1.0.jar:/var/lib/jenkins/.m2/repository/org/opentest4j/opentest4j/1.2.0/opentest4j-1.2.0.jar:/var/lib/jenkins/.m2/repository/org/junit/platform/junit-platform-commons/1.6.2/junit-platform-commons-1.6.2.jar:/var/lib/jenkins/.m2/repository/org/junit/jupiter/junit-jupiter-engine/5.6.2/junit-jupiter-engine-5.6.2.jar:/var/lib/jenkins/.m2/repository/org/junit/platform/junit-platform-engine/1.6.2/junit-platform-engine-1.6.2.jar:"/>
    <property name="sun.cpu.endian" value="little"/>
    <property name="user.home" value="/var/lib/jenkins"/>
    <property name="user.language" value="en"/>
    <property name="git.closest.tag.commit.count" value=""/>
    <property name="java.specification.vendor" value="Oracle Corporation"/>
    <property name="java.home" value="/usr/lib/jvm/java-8-openjdk-amd64/jre"/>
    <property name="git.total.commit.count" value="718"/>
    <property name="file.separator" value="/"/>
    <property name="basedir" value="/var/lib/jenkins/workspace/pet-clinic-config-service/spring-petclinic-config-server"/>
    <property name="line.separator" value="&#10;"/>
    <property name="git.build.user.email" value=""/>
    <property name="java.vm.specification.vendor" value="Oracle Corporation"/>
    <property name="java.specification.name" value="Java Platform API Specification"/>
    <property name="java.awt.graphicsenv" value="sun.awt.X11GraphicsEnvironment"/>
    <property name="git.closest.tag.name" value=""/>
    <property name="git.local.branch.ahead" value="NO_REMOTE"/>
    <property name="git.build.time" value="2020-07-22T17:16:57+0530"/>
    <property name="surefire.real.class.path" value="/var/lib/jenkins/workspace/pet-clinic-config-service/spring-petclinic-config-server/target/surefire/surefirebooter1432992921666377936.jar"/>
    <property name="git.commit.message.full" value="Update Jenkinsfile"/>
    <property name="sun.boot.class.path" value="/usr/lib/jvm/java-8-openjdk-amd64/jre/lib/resources.jar:/usr/lib/jvm/java-8-openjdk-amd64/jre/lib/rt.jar:/usr/lib/jvm/java-8-openjdk-amd64/jre/lib/sunrsasign.jar:/usr/lib/jvm/java-8-openjdk-amd64/jre/lib/jsse.jar:/usr/lib/jvm/java-8-openjdk-amd64/jre/lib/jce.jar:/usr/lib/jvm/java-8-openjdk-amd64/jre/lib/charsets.jar:/usr/lib/jvm/java-8-openjdk-amd64/jre/lib/jfr.jar:/usr/lib/jvm/java-8-openjdk-amd64/jre/classes"/>
    <property name="sun.management.compiler" value="HotSpot 64-Bit Tiered Compilers"/>
    <property name="java.runtime.version" value="1.8.0_252-8u252-b09-1~18.04-b09"/>
    <property name="user.name" value="jenkins"/>
    <property name="path.separator" value=":"/>
    <property name="os.version" value="4.19.104-microsoft-standard"/>
    <property name="java.endorsed.dirs" value="/usr/lib/jvm/java-8-openjdk-amd64/jre/lib/endorsed"/>
    <property name="java.runtime.name" value="OpenJDK Runtime Environment"/>
    <property name="file.encoding" value="UTF-8"/>
    <property name="git.commit.user.email" value="malviya.et@gmail.com"/>
    <property name="java.vm.name" value="OpenJDK 64-Bit Server VM"/>
    <property name="git.local.branch.behind" value="NO_REMOTE"/>
    <property name="git.dirty" value="false"/>
    <property name="localRepository" value="/var/lib/jenkins/.m2/repository"/>
    <property name="java.vendor.url.bug" value="http://bugreport.sun.com/bugreport/"/>
    <property name="java.io.tmpdir" value="/tmp"/>
    <property name="java.version" value="1.8.0_252"/>
    <property name="user.dir" value="/var/lib/jenkins/workspace/pet-clinic-config-service/spring-petclinic-config-server"/>
    <property name="os.arch" value="amd64"/>
    <property name="git.commit.user.name" value="Aditya Malviya"/>
    <property name="git.commit.id.abbrev" value="1beebb1"/>
    <property name="java.vm.specification.name" value="Java Virtual Machine Specification"/>
    <property name="java.awt.printerjob" value="sun.print.PSPrinterJob"/>
    <property name="git.commit.id.describe-short" value="1beebb1"/>
    <property name="sun.os.patch.level" value="unknown"/>
    <property name="git.commit.id.describe" value="1beebb1"/>
    <property name="git.commit.message.short" value="Update Jenkinsfile"/>
    <property name="java.library.path" value="/usr/java/packages/lib/amd64:/usr/lib/x86_64-linux-gnu/jni:/lib/x86_64-linux-gnu:/usr/lib/x86_64-linux-gnu:/usr/lib/jni:/lib:/usr/lib"/>
    <property name="java.vendor" value="Private Build"/>
    <property name="java.vm.info" value="mixed mode"/>
    <property name="java.vm.version" value="25.252-b09"/>
    <property name="sun.io.unicode.encoding" value="UnicodeLittle"/>
    <property name="java.ext.dirs" value="/usr/lib/jvm/java-8-openjdk-amd64/jre/lib/ext:/usr/java/packages/lib/ext"/>
    <property name="java.class.version" value="52.0"/>
    <property name="git.commit.time" value="2020-07-22T17:08:38+0530"/>
    <property name="git.remote.origin.url" value="https://github.com/aditya-malviya/spring-petclinic-microservices.git"/>
  </properties>
  <testcase name="contextLoads" classname="org.springframework.samples.petclinic.config.PetclinicConfigServerApplicationTests" time="0.188"/>
</testsuite>